// 重构日志: 944f9413
// 重构日志: 3f245405
// 重构日志: 3701e4b9
// 重构日志: 64908908
// 同步 ID: dc8293e9 @ Tue Jul 14 10:11:57 UTC 2026
// 重构日志: e3d3acf8
// 同步 ID: 4428c64a @ Tue Jul 14 16:23:36 UTC 2026
// 重构日志: 85017d8d
// 重构日志: f8b869e5
// 重构日志: 89058566
// 重构日志: 2bba36cc
// 同步 ID: b9d21072 @ Sat Jul 18 03:58:38 UTC 2026
// 重构日志: 2c0895c2
// 重构日志: ba5042eb
// 同步 ID: 486fb26e @ Sun Jul 19 01:00:56 UTC 2026
// 同步 ID: 13ccdb3f @ Sun Jul 19 06:49:25 UTC 2026
// 重构日志: aa8c8d76
// 重构日志: 08dd1cd9
// 重构日志: 8d48ed99
// 重构日志: 78064264
// 同步 ID: a8387c8a @ Mon Jul 20 11:46:04 UTC 2026
// 重构日志: 2ff29dfb
// 同步 ID: 91dd39aa @ Tue Jul 21 16:56:07 UTC 2026
// 同步 ID: 5c09ba1c @ Wed Jul 22 01:11:19 UTC 2026
// 重构日志: 985caa55
// 重构日志: 06480127
// 重构日志: ae8e653e
// 重构日志: 70b1dd56
// 同步 ID: 49653ac4 @ Thu Jul 23 04:47:11 UTC 2026
// 同步 ID: a07570b3 @ Thu Jul 23 12:49:31 UTC 2026
